[2023/02/11 00:46:42] E_NOTICE ::1 /edit Trying to access array offset on value of type null file: /Users/nakashimayuta/Documents/GitHub/my_php_framework/html/user/bbs/edit.php line: 40
[2023/02/11 00:46:42] E_NOTICE ::1 /edit Undefined variable: page file: /Users/nakashimayuta/Documents/GitHub/my_php_framework/html/user/bbs/form.php line: 56
[2023/02/11 00:46:47] E_NOTICE ::1 /edit Undefined variable: page file: /Users/nakashimayuta/Documents/GitHub/my_php_framework/html/user/bbs/form.php line: 56
[2023/02/11 00:46:55] E_NOTICE ::1 /edit Undefined variable: page file: /Users/nakashimayuta/Documents/GitHub/my_php_framework/html/user/bbs/form.php line: 56
[2023/02/11 00:58:01] E_NOTICE ::1 /edit Undefined variable: page file: /Users/nakashimayuta/Documents/GitHub/my_php_framework/html/user/bbs/form.php line: 56
[2023/02/11 12:59:23] E_WARNING ::1 /delete?post_ids%5B%5D=20&post_id=&page=&title=&message=&image=&status= 400 Bad Request 
[2023/02/11 13:00:33] E_WARNING ::1 /delete?post_ids%5B%5D=20&post_id=&page=&title=&message=&image=&status= 400 Bad Request 
[2023/02/11 13:03:57] E_NOTICE ::1 /edit Trying to access array offset on value of type null file: /Users/nakashimayuta/Documents/GitHub/my_php_framework/html/user/bbs/edit.php line: 27
[2023/02/11 13:03:57] E_NOTICE ::1 /edit Trying to access array offset on value of type null file: /Users/nakashimayuta/Documents/GitHub/my_php_framework/html/user/bbs/edit.php line: 39
[2023/02/11 13:03:57] E_NOTICE ::1 /edit Trying to access array offset on value of type null file: /Users/nakashimayuta/Documents/GitHub/my_php_framework/html/user/bbs/edit.php line: 40
[2023/02/11 13:03:57] E_NOTICE ::1 /edit Undefined variable: page file: /Users/nakashimayuta/Documents/GitHub/my_php_framework/html/user/bbs/form.php line: 56
[2023/02/11 13:05:00] E_NOTICE ::1 /edit Trying to access array offset on value of type null file: /Users/nakashimayuta/Documents/GitHub/my_php_framework/classes/Controller/User/Bbs.php line: 166
[2023/02/11 13:05:00] E_NOTICE ::1 /edit Trying to access array offset on value of type null file: /Users/nakashimayuta/Documents/GitHub/my_php_framework/classes/Controller/User/Bbs.php line: 167
[2023/02/11 13:05:00] E_NOTICE ::1 /edit Trying to access array offset on value of type null file: /Users/nakashimayuta/Documents/GitHub/my_php_framework/classes/Controller/User/Bbs.php line: 168
[2023/02/11 13:05:00] E_NOTICE ::1 /edit 404 Not Found 
[2023/02/11 13:05:04] E_NOTICE ::1 /edit Trying to access array offset on value of type null file: /Users/nakashimayuta/Documents/GitHub/my_php_framework/html/user/bbs/edit.php line: 27
[2023/02/11 13:05:04] E_NOTICE ::1 /edit Trying to access array offset on value of type null file: /Users/nakashimayuta/Documents/GitHub/my_php_framework/html/user/bbs/edit.php line: 39
[2023/02/11 13:05:49] E_NOTICE ::1 /edit Trying to access array offset on value of type null file: /Users/nakashimayuta/Documents/GitHub/my_php_framework/html/user/bbs/edit.php line: 27
[2023/02/11 13:05:49] E_NOTICE ::1 /edit Trying to access array offset on value of type null file: /Users/nakashimayuta/Documents/GitHub/my_php_framework/html/user/bbs/edit.php line: 39
[2023/02/11 13:06:12] E_NOTICE ::1 /edit Trying to access array offset on value of type null file: /Users/nakashimayuta/Documents/GitHub/my_php_framework/html/user/bbs/edit.php line: 39
[2023/02/11 13:08:10] E_NOTICE ::1 /edit Undefined variable: page file: /Users/nakashimayuta/Documents/GitHub/my_php_framework/html/user/bbs/form.php line: 56
[2023/02/11 13:08:41] E_NOTICE ::1 /edit Undefined variable: page file: /Users/nakashimayuta/Documents/GitHub/my_php_framework/html/user/bbs/form.php line: 56
[2023/02/11 13:09:26] E_NOTICE ::1 /edit Trying to access array offset on value of type null file: /Users/nakashimayuta/Documents/GitHub/my_php_framework/classes/Controller/User/Bbs.php line: 166
[2023/02/11 13:09:26] E_NOTICE ::1 /edit Trying to access array offset on value of type null file: /Users/nakashimayuta/Documents/GitHub/my_php_framework/classes/Controller/User/Bbs.php line: 167
[2023/02/11 13:09:26] E_NOTICE ::1 /edit Trying to access array offset on value of type null file: /Users/nakashimayuta/Documents/GitHub/my_php_framework/classes/Controller/User/Bbs.php line: 168
[2023/02/11 13:09:26] E_NOTICE ::1 /edit 404 Not Found 
[2023/02/11 13:52:06] E_ERROR ::1 /admin/recovery?post_id=21&page=1&title=&message=&image=&status= 500 Internal Server Error Controller_Base::execute() Action not found. bulkDelete
[2023/02/11 13:55:04] E_WARNING ::1 /admin/delete-image?post_id=22&page=1&title=&message=&image=&status= rename(/Users/nakashimayuta/Documents/GitHub/my_php_framework/upload/bbs/nBU6abm2IkI8ARZe.jpeg,/Users/nakashimayuta/Documents/GitHub/my_php_framework/upload/bbs_deleted/nBU6abm2IkI8ARZe.jpeg): No such file or directory file: /Users/nakashimayuta/Documents/GitHub/my_php_framework/lib/Uploader/File.php line: 126
[2023/02/11 13:55:04] E_ERROR ::1 /admin/delete-image?post_id=22&page=1&title=&message=&image=&status= 500 Internal Server Error Uploader_File::delete() Failed to move a file. /Users/nakashimayuta/Documents/GitHub/my_php_framework/upload/bbs/nBU6abm2IkI8ARZe.jpeg -> /Users/nakashimayuta/Documents/GitHub/my_php_framework/upload/bbs_deleted
[2023/02/11 13:55:26] E_WARNING ::1 /admin/delete?post_ids%5B%5D=22&post_id=&page=1&title=&message=&image=&status= rename(/Users/nakashimayuta/Documents/GitHub/my_php_framework/upload/bbs/nBU6abm2IkI8ARZe.jpeg,/Users/nakashimayuta/Documents/GitHub/my_php_framework/upload/bbs_deleted/nBU6abm2IkI8ARZe.jpeg): No such file or directory file: /Users/nakashimayuta/Documents/GitHub/my_php_framework/lib/Uploader/File.php line: 126
[2023/02/11 13:55:26] E_ERROR ::1 /admin/delete?post_ids%5B%5D=22&post_id=&page=1&title=&message=&image=&status= 500 Internal Server Error Uploader_File::delete() Failed to move a file. /Users/nakashimayuta/Documents/GitHub/my_php_framework/upload/bbs/nBU6abm2IkI8ARZe.jpeg -> /Users/nakashimayuta/Documents/GitHub/my_php_framework/upload/bbs_deleted
